0 verbose cli /Users/chinthavijayadurga/.nvm/versions/node/v22.12.0/bin/node /Users/chinthavijayadurga/.nvm/versions/node/v22.12.0/bin/npm
1 info using npm@10.9.0
2 info using node@v22.12.0
3 silly config load:file:/Users/chinthavijayadurga/.nvm/versions/node/v22.12.0/lib/node_modules/npm/npmrc
4 silly config load:file:/Users/chinthavijayadurga/Downloads/Figma Newsgenie/.npmrc
5 silly config load:file:/Users/chinthavijayadurga/.npmrc
6 silly config load:file:/Users/chinthavijayadurga/.nvm/versions/node/v22.12.0/etc/npmrc
7 verbose title npm install
8 verbose argv "install" "--cache" "./.npm-cache"
9 verbose logfile logs-max:10 dir:/Users/chinthavijayadurga/Downloads/Figma Newsgenie/.npm-cache/_logs/2025-11-03T18_35_11_995Z-
10 verbose logfile /Users/chinthavijayadurga/Downloads/Figma Newsgenie/.npm-cache/_logs/2025-11-03T18_35_11_995Z-debug-0.log
11 silly logfile done cleaning log files
12 silly packumentCache heap:2197815296 maxSize:549453824 maxEntrySize:274726912
13 silly idealTree buildDeps
14 silly fetch manifest @react-native-async-storage/async-storage@1.23.1
15 silly packumentCache full:https://registry.npmjs.org/@react-native-async-storage%2fasync-storage cache-miss
16 http fetch GET 200 https://registry.npmjs.org/@react-native-async-storage%2fasync-storage 10ms (cache hit)
17 silly packumentCache full:https://registry.npmjs.org/@react-native-async-storage%2fasync-storage set size:389782 disposed:false
18 silly fetch manifest react-native@0.76.9
19 silly packumentCache full:https://registry.npmjs.org/react-native cache-miss
20 http fetch GET 200 https://registry.npmjs.org/react-native 25ms (cache hit)
21 silly packumentCache full:https://registry.npmjs.org/react-native set size:14317952 disposed:false
22 silly fetch manifest @types/react@~18.3.12
23 silly packumentCache full:https://registry.npmjs.org/@types%2freact cache-miss
24 http fetch GET 200 https://registry.npmjs.org/@types%2freact 8ms (cache hit)
25 silly packumentCache full:https://registry.npmjs.org/@types%2freact set size:2505103 disposed:false
26 silly fetch manifest react@18.3.1
27 silly packumentCache full:https://registry.npmjs.org/react cache-miss
28 http fetch GET 200 https://registry.npmjs.org/react 12ms (cache hit)
29 silly packumentCache full:https://registry.npmjs.org/react set size:6220657 disposed:false
30 silly fetch manifest @react-navigation/bottom-tabs@~7.2.0
31 silly packumentCache full:https://registry.npmjs.org/@react-navigation%2fbottom-tabs cache-miss
32 http fetch GET 200 https://registry.npmjs.org/@react-navigation%2fbottom-tabs 5ms (cache hit)
33 silly packumentCache full:https://registry.npmjs.org/@react-navigation%2fbottom-tabs set size:972699 disposed:false
34 silly fetch manifest @react-navigation/native@~7.0.14
35 silly packumentCache full:https://registry.npmjs.org/@react-navigation%2fnative cache-miss
36 http fetch GET 200 https://registry.npmjs.org/@react-navigation%2fnative 4ms (cache hit)
37 silly packumentCache full:https://registry.npmjs.org/@react-navigation%2fnative set size:959490 disposed:false
38 silly fetch manifest react-native-safe-area-context@4.12.0
39 silly packumentCache full:https://registry.npmjs.org/react-native-safe-area-context cache-miss
40 http fetch GET 200 https://registry.npmjs.org/react-native-safe-area-context 3ms (cache hit)
41 silly packumentCache full:https://registry.npmjs.org/react-native-safe-area-context set size:657519 disposed:false
42 silly fetch manifest react-native-screens@~4.4.0
43 silly packumentCache full:https://registry.npmjs.org/react-native-screens cache-miss
44 http fetch GET 200 https://registry.npmjs.org/react-native-screens 6ms (cache hit)
45 silly packumentCache full:https://registry.npmjs.org/react-native-screens set size:2477786 disposed:false
46 silly fetch manifest @react-navigation/stack@~6.3.20
47 silly packumentCache full:https://registry.npmjs.org/@react-navigation%2fstack cache-miss
48 http fetch GET 200 https://registry.npmjs.org/@react-navigation%2fstack 125ms (cache miss)
49 silly packumentCache full:https://registry.npmjs.org/@react-navigation%2fstack set size:undefined disposed:false
50 silly fetch manifest @react-navigation/native@^6.0.0
51 silly packumentCache full:https://registry.npmjs.org/@react-navigation%2fnative cache-hit
52 verbose stack Error: unable to resolve dependency tree
52 verbose stack     at #failPeerConflict (/Users/chinthavijayadurga/.nvm/versions/node/v22.12.0/lib/node_modules/npm/node_modules/@npmcli/arborist/lib/arborist/build-ideal-tree.js:1363:25)
52 verbose stack     at #loadPeerSet (/Users/chinthavijayadurga/.nvm/versions/node/v22.12.0/lib/node_modules/npm/node_modules/@npmcli/arborist/lib/arborist/build-ideal-tree.js:1329:33)
52 verbose stack     at async #buildDepStep (/Users/chinthavijayadurga/.nvm/versions/node/v22.12.0/lib/node_modules/npm/node_modules/@npmcli/arborist/lib/arborist/build-ideal-tree.js:904:11)
52 verbose stack     at async Arborist.buildIdealTree (/Users/chinthavijayadurga/.nvm/versions/node/v22.12.0/lib/node_modules/npm/node_modules/@npmcli/arborist/lib/arborist/build-ideal-tree.js:181:7)
52 verbose stack     at async Promise.all (index 1)
52 verbose stack     at async Arborist.reify (/Users/chinthavijayadurga/.nvm/versions/node/v22.12.0/lib/node_modules/npm/node_modules/@npmcli/arborist/lib/arborist/reify.js:131:5)
52 verbose stack     at async Install.exec (/Users/chinthavijayadurga/.nvm/versions/node/v22.12.0/lib/node_modules/npm/lib/commands/install.js:150:5)
52 verbose stack     at async Npm.exec (/Users/chinthavijayadurga/.nvm/versions/node/v22.12.0/lib/node_modules/npm/lib/npm.js:207:9)
52 verbose stack     at async module.exports (/Users/chinthavijayadurga/.nvm/versions/node/v22.12.0/lib/node_modules/npm/lib/cli/entry.js:74:5)
53 error code ERESOLVE
54 error ERESOLVE unable to resolve dependency tree
55 error
56 error While resolving: newsgenie@1.0.0
56 error Found: @react-navigation/native@7.0.19
56 error node_modules/@react-navigation/native
56 error   @react-navigation/native@"~7.0.14" from the root project
56 error
56 error Could not resolve dependency:
56 error peer @react-navigation/native@"^6.0.0" from @react-navigation/stack@6.3.29
56 error node_modules/@react-navigation/stack
56 error   @react-navigation/stack@"~6.3.20" from the root project
56 error
56 error Fix the upstream dependency conflict, or retry
56 error this command with --force or --legacy-peer-deps
56 error to accept an incorrect (and potentially broken) dependency resolution.
57 error
57 error
57 error For a full report see:
57 error /Users/chinthavijayadurga/Downloads/Figma Newsgenie/.npm-cache/_logs/2025-11-03T18_35_11_995Z-eresolve-report.txt
58 silly unfinished npm timer reify 1762194912374
59 silly unfinished npm timer reify:loadTrees 1762194912374
60 silly unfinished npm timer idealTree:buildDeps 1762194913265
61 silly unfinished npm timer idealTree:#root 1762194913266
62 verbose cwd /Users/chinthavijayadurga/Downloads/Figma Newsgenie
63 verbose os Darwin 25.0.0
64 verbose node v22.12.0
65 verbose npm  v10.9.0
66 verbose exit 1
67 verbose code 1
68 error A complete log of this run can be found in: /Users/chinthavijayadurga/Downloads/Figma Newsgenie/.npm-cache/_logs/2025-11-03T18_35_11_995Z-debug-0.log
