0 verbose cli /Users/chinthavijayadurga/.nvm/versions/node/v22.12.0/bin/node /Users/chinthavijayadurga/.nvm/versions/node/v22.12.0/bin/npm
1 info using npm@10.9.0
2 info using node@v22.12.0
3 silly config load:file:/Users/chinthavijayadurga/.nvm/versions/node/v22.12.0/lib/node_modules/npm/npmrc
4 silly config load:file:/Users/chinthavijayadurga/Downloads/Figma Newsgenie/.npmrc
5 silly config load:file:/Users/chinthavijayadurga/.npmrc
6 silly config load:file:/Users/chinthavijayadurga/.nvm/versions/node/v22.12.0/etc/npmrc
7 verbose title npm install
8 verbose argv "install" "--cache" "./.npm-cache"
9 verbose logfile logs-max:10 dir:/Users/chinthavijayadurga/Downloads/Figma Newsgenie/.npm-cache/_logs/2025-11-03T18_34_29_229Z-
10 verbose logfile /Users/chinthavijayadurga/Downloads/Figma Newsgenie/.npm-cache/_logs/2025-11-03T18_34_29_229Z-debug-0.log
11 silly logfile done cleaning log files
12 silly packumentCache heap:2197815296 maxSize:549453824 maxEntrySize:274726912
13 silly idealTree buildDeps
14 silly fetch manifest @react-native-async-storage/async-storage@1.23.1
15 silly packumentCache full:https://registry.npmjs.org/@react-native-async-storage%2fasync-storage cache-miss
16 http fetch GET 200 https://registry.npmjs.org/npm 750ms
17 http fetch GET 200 https://registry.npmjs.org/@react-native-async-storage%2fasync-storage 367ms (cache miss)
18 silly packumentCache full:https://registry.npmjs.org/@react-native-async-storage%2fasync-storage set size:undefined disposed:false
19 silly fetch manifest react-native@0.76.9
20 silly packumentCache full:https://registry.npmjs.org/react-native cache-miss
21 http fetch GET 200 https://registry.npmjs.org/react-native 165ms (cache miss)
22 silly packumentCache full:https://registry.npmjs.org/react-native set size:undefined disposed:false
23 silly fetch manifest @types/react@~18.3.12
24 silly packumentCache full:https://registry.npmjs.org/@types%2freact cache-miss
25 http fetch GET 200 https://registry.npmjs.org/@types%2freact 81ms (cache miss)
26 silly packumentCache full:https://registry.npmjs.org/@types%2freact set size:undefined disposed:false
27 silly fetch manifest react@18.3.1
28 silly packumentCache full:https://registry.npmjs.org/react cache-miss
29 http fetch GET 200 https://registry.npmjs.org/react 141ms (cache miss)
30 silly packumentCache full:https://registry.npmjs.org/react set size:undefined disposed:false
31 silly fetch manifest @react-navigation/bottom-tabs@^7.2.0
32 silly packumentCache full:https://registry.npmjs.org/@react-navigation%2fbottom-tabs cache-miss
33 http fetch GET 200 https://registry.npmjs.org/@react-navigation%2fbottom-tabs 312ms (cache miss)
34 silly packumentCache full:https://registry.npmjs.org/@react-navigation%2fbottom-tabs set size:undefined disposed:false
35 silly fetch manifest @react-navigation/native@^7.0.14
36 silly packumentCache full:https://registry.npmjs.org/@react-navigation%2fnative cache-miss
37 http fetch GET 200 https://registry.npmjs.org/@react-navigation%2fnative 313ms (cache miss)
38 silly packumentCache full:https://registry.npmjs.org/@react-navigation%2fnative set size:undefined disposed:false
39 silly fetch manifest react-native-safe-area-context@4.12.0
40 silly packumentCache full:https://registry.npmjs.org/react-native-safe-area-context cache-miss
41 http fetch GET 200 https://registry.npmjs.org/react-native-safe-area-context 36ms (cache miss)
42 silly packumentCache full:https://registry.npmjs.org/react-native-safe-area-context set size:undefined disposed:false
43 silly fetch manifest react-native-screens@~4.4.0
44 silly packumentCache full:https://registry.npmjs.org/react-native-screens cache-miss
45 http fetch GET 200 https://registry.npmjs.org/react-native-screens 49ms (cache miss)
46 silly packumentCache full:https://registry.npmjs.org/react-native-screens set size:undefined disposed:false
47 silly fetch manifest @sentry/react-native@~6.10.0
48 silly packumentCache full:https://registry.npmjs.org/@sentry%2freact-native cache-miss
49 http fetch GET 200 https://registry.npmjs.org/@sentry%2freact-native 318ms (cache miss)
50 silly packumentCache full:https://registry.npmjs.org/@sentry%2freact-native set size:undefined disposed:false
51 silly fetch manifest expo@~52.0.0
52 silly packumentCache full:https://registry.npmjs.org/expo cache-miss
53 http fetch GET 200 https://registry.npmjs.org/expo 90ms (cache miss)
54 silly packumentCache full:https://registry.npmjs.org/expo set size:undefined disposed:false
55 silly fetch manifest @expo/dom-webview@*
56 silly packumentCache full:https://registry.npmjs.org/@expo%2fdom-webview cache-miss
57 http fetch GET 200 https://registry.npmjs.org/@expo%2fdom-webview 359ms (cache miss)
58 silly packumentCache full:https://registry.npmjs.org/@expo%2fdom-webview set size:undefined disposed:false
59 silly fetch manifest @expo/metro-runtime@*
60 silly packumentCache full:https://registry.npmjs.org/@expo%2fmetro-runtime cache-miss
61 http fetch GET 200 https://registry.npmjs.org/@expo%2fmetro-runtime 399ms (cache miss)
62 silly packumentCache full:https://registry.npmjs.org/@expo%2fmetro-runtime set size:undefined disposed:false
63 silly fetch manifest react-dom@*
64 silly packumentCache full:https://registry.npmjs.org/react-dom cache-miss
65 http fetch GET 200 https://registry.npmjs.org/react-dom 135ms (cache miss)
66 silly packumentCache full:https://registry.npmjs.org/react-dom set size:undefined disposed:false
67 silly fetch manifest react@^19.2.0
68 silly packumentCache full:https://registry.npmjs.org/react cache-miss
69 http fetch GET 200 https://registry.npmjs.org/react 13ms (cache hit)
70 silly packumentCache full:https://registry.npmjs.org/react set size:6220657 disposed:false
71 silly fetch manifest react-native-webview@*
72 silly packumentCache full:https://registry.npmjs.org/react-native-webview cache-miss
73 http fetch GET 200 https://registry.npmjs.org/react-native-webview 69ms (cache miss)
74 silly packumentCache full:https://registry.npmjs.org/react-native-webview set size:undefined disposed:false
75 silly fetch manifest @shopify/flash-list@1.7.3
76 silly packumentCache full:https://registry.npmjs.org/@shopify%2fflash-list cache-miss
77 http fetch GET 200 https://registry.npmjs.org/@shopify%2fflash-list 118ms (cache miss)
78 silly packumentCache full:https://registry.npmjs.org/@shopify%2fflash-list set size:undefined disposed:false
79 silly fetch manifest @babel/runtime@*
80 silly packumentCache full:https://registry.npmjs.org/@babel%2fruntime cache-miss
81 http fetch GET 200 https://registry.npmjs.org/@babel%2fruntime 93ms (cache miss)
82 silly packumentCache full:https://registry.npmjs.org/@babel%2fruntime set size:undefined disposed:false
83 silly fetch manifest expo-av@~15.0.2
84 silly packumentCache full:https://registry.npmjs.org/expo-av cache-miss
85 http fetch GET 200 https://registry.npmjs.org/expo-av 37ms (cache miss)
86 silly packumentCache full:https://registry.npmjs.org/expo-av set size:undefined disposed:false
87 silly fetch manifest react-native-web@*
88 silly packumentCache full:https://registry.npmjs.org/react-native-web cache-miss
89 http fetch GET 200 https://registry.npmjs.org/react-native-web 69ms (cache miss)
90 silly packumentCache full:https://registry.npmjs.org/react-native-web set size:undefined disposed:false
91 silly fetch manifest expo-blur@~14.0.3
92 silly packumentCache full:https://registry.npmjs.org/expo-blur cache-miss
93 http fetch GET 200 https://registry.npmjs.org/expo-blur 33ms (cache miss)
94 silly packumentCache full:https://registry.npmjs.org/expo-blur set size:undefined disposed:false
95 silly fetch manifest expo-crypto@~14.0.2
96 silly packumentCache full:https://registry.npmjs.org/expo-crypto cache-miss
97 http fetch GET 200 https://registry.npmjs.org/expo-crypto 44ms (cache miss)
98 silly packumentCache full:https://registry.npmjs.org/expo-crypto set size:undefined disposed:false
99 silly fetch manifest expo-device@~7.0.3
100 silly packumentCache full:https://registry.npmjs.org/expo-device cache-miss
101 http fetch GET 200 https://registry.npmjs.org/expo-device 35ms (cache miss)
102 silly packumentCache full:https://registry.npmjs.org/expo-device set size:undefined disposed:false
103 silly fetch manifest expo-haptics@~14.0.1
104 silly packumentCache full:https://registry.npmjs.org/expo-haptics cache-miss
105 http fetch GET 200 https://registry.npmjs.org/expo-haptics 38ms (cache miss)
106 silly packumentCache full:https://registry.npmjs.org/expo-haptics set size:undefined disposed:false
107 silly fetch manifest expo-linear-gradient@~14.0.2
108 silly packumentCache full:https://registry.npmjs.org/expo-linear-gradient cache-miss
109 http fetch GET 200 https://registry.npmjs.org/expo-linear-gradient 33ms (cache miss)
110 silly packumentCache full:https://registry.npmjs.org/expo-linear-gradient set size:undefined disposed:false
111 silly fetch manifest expo-sqlite@~15.1.4
112 silly packumentCache full:https://registry.npmjs.org/expo-sqlite cache-miss
113 http fetch GET 200 https://registry.npmjs.org/expo-sqlite 40ms (cache miss)
114 silly packumentCache full:https://registry.npmjs.org/expo-sqlite set size:undefined disposed:false
115 silly placeDep ROOT @react-native-async-storage/async-storage@1.23.1 REPLACE for: newsgenie@1.0.0 want: 1.23.1
116 verbose stack Error: could not resolve
116 verbose stack     at PlaceDep.failPeerConflict (/Users/chinthavijayadurga/.nvm/versions/node/v22.12.0/lib/node_modules/npm/node_modules/@npmcli/arborist/lib/place-dep.js:503:25)
116 verbose stack     at new PlaceDep (/Users/chinthavijayadurga/.nvm/versions/node/v22.12.0/lib/node_modules/npm/node_modules/@npmcli/arborist/lib/place-dep.js:157:21)
116 verbose stack     at #buildDepStep (/Users/chinthavijayadurga/.nvm/versions/node/v22.12.0/lib/node_modules/npm/node_modules/@npmcli/arborist/lib/arborist/build-ideal-tree.js:920:18)
116 verbose stack     at async Arborist.buildIdealTree (/Users/chinthavijayadurga/.nvm/versions/node/v22.12.0/lib/node_modules/npm/node_modules/@npmcli/arborist/lib/arborist/build-ideal-tree.js:181:7)
116 verbose stack     at async Promise.all (index 1)
116 verbose stack     at async Arborist.reify (/Users/chinthavijayadurga/.nvm/versions/node/v22.12.0/lib/node_modules/npm/node_modules/@npmcli/arborist/lib/arborist/reify.js:131:5)
116 verbose stack     at async Install.exec (/Users/chinthavijayadurga/.nvm/versions/node/v22.12.0/lib/node_modules/npm/lib/commands/install.js:150:5)
116 verbose stack     at async Npm.exec (/Users/chinthavijayadurga/.nvm/versions/node/v22.12.0/lib/node_modules/npm/lib/npm.js:207:9)
116 verbose stack     at async module.exports (/Users/chinthavijayadurga/.nvm/versions/node/v22.12.0/lib/node_modules/npm/lib/cli/entry.js:74:5)
117 error code ERESOLVE
118 error ERESOLVE could not resolve
119 error
120 error While resolving: newsgenie@1.0.0
120 error Found: @react-navigation/bottom-tabs@6.6.1
120 error node_modules/@react-navigation/bottom-tabs
120 error   @react-navigation/bottom-tabs@"^7.2.0" from the root project
120 error
120 error Could not resolve dependency:
120 error @react-navigation/bottom-tabs@"^7.2.0" from the root project
120 error
120 error Conflicting peer dependency: @react-navigation/native@7.1.19
120 error node_modules/@react-navigation/native
120 error   peer @react-navigation/native@"^7.1.19" from @react-navigation/bottom-tabs@7.7.3
120 error   node_modules/@react-navigation/bottom-tabs
120 error     @react-navigation/bottom-tabs@"^7.2.0" from the root project
120 error
120 error Fix the upstream dependency conflict, or retry
120 error this command with --force or --legacy-peer-deps
120 error to accept an incorrect (and potentially broken) dependency resolution.
121 error
121 error
121 error For a full report see:
121 error /Users/chinthavijayadurga/Downloads/Figma Newsgenie/.npm-cache/_logs/2025-11-03T18_34_29_229Z-eresolve-report.txt
122 silly unfinished npm timer reify 1762194869637
123 silly unfinished npm timer reify:loadTrees 1762194869637
124 silly unfinished npm timer idealTree:buildDeps 1762194870090
125 silly unfinished npm timer idealTree:#root 1762194870091
126 verbose cwd /Users/chinthavijayadurga/Downloads/Figma Newsgenie
127 verbose os Darwin 25.0.0
128 verbose node v22.12.0
129 verbose npm  v10.9.0
130 notice
130 notice New major version of npm available! 10.9.0 -> 11.6.2
130 notice Changelog: https://github.com/npm/cli/releases/tag/v11.6.2
130 notice To update run: npm install -g npm@11.6.2
130 notice  { force: true, [Symbol(proc-log.meta)]: true }
131 verbose exit 1
132 verbose code 1
133 error A complete log of this run can be found in: /Users/chinthavijayadurga/Downloads/Figma Newsgenie/.npm-cache/_logs/2025-11-03T18_34_29_229Z-debug-0.log
